Drill report for F:/User Folders/tpp/Documents/keyboards/va4-tpp/va4.kicad_pcb
Created on 4/17/2020 1:03:13 AM

Copper Layer Stackup:
    =============================================================
    L1 :  F.Cu                      front
    L2 :  B.Cu                      back


Drill file 'va4-PTH.drl' contains
    plated through holes:
    =============================================================
    T1  0.40mm  0.016"  (61 holes)
    T2  0.81mm  0.032"  (56 holes)
    T3  1.00mm  0.039"  (13 holes)  (with 8 slots)
    T4  1.20mm  0.047"  (9 holes)
    T5  1.30mm  0.051"  (2 holes)
    T6  1.50mm  0.059"  (4 holes)
    T7  1.50mm  0.059"  (24 holes)
    T8  1.80mm  0.071"  (2 holes)  (with 2 slots)

    Total plated holes count 171


Drill file 'va4-NPTH.drl' contains
    unplated through holes:
    =============================================================
    T1  1.00mm  0.039"  (6 holes)
    T2  1.20mm  0.047"  (4 holes)
    T3  1.70mm  0.067"  (6 holes)
    T4  1.70mm  0.067"  (2 holes)
    T5  1.90mm  0.075"  (6 holes)
    T6  3.99mm  0.157"  (1 hole)
    T7  4.00mm  0.157"  (3 holes)
    T8  4.80mm  0.189"  (5 holes)

    Total unplated holes count 33
